[debug] [2020-03-15T13:47:21.567Z] ----------------------------------------------------------------------
[debug] [2020-03-15T13:47:21.569Z] Command:       C:\Program Files\nodejs\node.exe C:\Users\Cedrick\AppData\Roaming\npm\node_modules\firebase-tools\lib\bin\firebase.js serve
[debug] [2020-03-15T13:47:21.569Z] CLI Version:   7.15.0
[debug] [2020-03-15T13:47:21.569Z] Platform:      win32
[debug] [2020-03-15T13:47:21.569Z] Node Version:  v13.11.0
[debug] [2020-03-15T13:47:21.570Z] Time:          Sun Mar 15 2020 21:47:21 GMT+0800 (China Standard Time)
[debug] [2020-03-15T13:47:21.570Z] ----------------------------------------------------------------------
[debug] [2020-03-15T13:47:21.570Z] 
[debug] [2020-03-15T13:47:21.577Z] > command requires scopes: ["email","openid","https://www.googleapis.com/auth/cloudplatformprojects.readonly","https://www.googleapis.com/auth/firebase","https://www.googleapis.com/auth/cloud-platform"]
[debug] [2020-03-15T13:47:21.578Z] > authorizing via signed-in user
[debug] [2020-03-15T13:47:21.578Z] [iam] checking project theuqs-52673 for permissions ["firebase.projects.get"]
[debug] [2020-03-15T13:47:21.579Z] >>> HTTP REQUEST POST https://cloudresourcemanager.googleapis.com/v1/projects/theuqs-52673:testIamPermissions  

[debug] [2020-03-15T13:47:22.835Z] <<< HTTP RESPONSE 200
[debug] [2020-03-15T13:47:22.837Z] >>> HTTP REQUEST GET https://firebase.googleapis.com/v1beta1/projects/theuqs-52673  
 
[debug] [2020-03-15T13:47:23.751Z] <<< HTTP RESPONSE 200
[info] 
[info] === Serving from 'C:\Users\Cedrick\Documents\GitHub\UQS-DSC-Solution-Challenge-Web'...
[info] 
[debug] [2020-03-15T13:47:23.754Z] >>> HTTP REQUEST GET https://firebase.googleapis.com/v1beta1/projects/theuqs-52673/webApps/-/config  
 
[debug] [2020-03-15T13:47:24.924Z] <<< HTTP RESPONSE 200
[info] i  hosting[theuqsteam]: Serving hosting files from: dist/uqsweb
[info] +  hosting[theuqsteam]: Local server: http://localhost:5000
[warn] !  Your requested "node" version "8" doesn't match your global version "13"
[info] +  functions: functions emulator started at http://localhost:5001
[info] i  functions: Watching "C:\Users\Cedrick\Documents\GitHub\UQS-DSC-Solution-Challenge-Web\functions" for Cloud Functions...
[debug] [2020-03-15T13:47:25.782Z] [worker-pool] addWorker(~diagnostic~)
[debug] [2020-03-15T13:47:25.782Z] [worker-pool] Adding worker with key ~diagnostic~, total=1
[debug] [2020-03-15T13:47:25.782Z] [worker-pool] submitWork(triggerId=)
[debug] [2020-03-15T13:47:25.783Z] [worker-~diagnostic~-9db5bd1b-17d9-492d-b48a-d3e2424cad95]: Assigning socketPath: \\?\pipe\C:\Users\Cedrick\Documents\GitHub\UQS-DSC-Solution-Challenge-Web\functions\7504
[debug] [2020-03-15T13:47:25.783Z] [worker-~diagnostic~-9db5bd1b-17d9-492d-b48a-d3e2424cad95]: BUSY
